Selected the Browser ---CHROME
Navigated to URL --https://www.amazon.in
Enter Search keyword By using Locator --twotabsearchtextbox
Clicked on Search Button By using Locator --//*[@id="nav-search"]/form/div[2]/div/input
================ Ended Test TC_001 =======================
Selected the Browser ---CHROME
Navigated to URL --https://www.amazon.in
Enter Search keyword By using Locator --twotabsearchtextbox
Selected the Browser ---CHROME
Navigated to URL --https://www.amazon.in
Enter Search keyword By using Locator --twotabsearchtextbox
Clicked on Search Button By using Locator --//*[@id="nav-search"]/form/div[2]/div/input
================ Ended Test TC_001 =======================
Selected the Browser ---CHROME
Navigated to URL --https://www.amazon.in
Enter Search keyword By using Locator --twotabsearchtextbox
Clicked on Search Button By using Locator --//*[@id="nav-search"]/form/div[2]/div/input
================ Ended Test TC_001 =======================
Selected the Browser ---CHROME
Navigated to URL --https://www.amazon.in
Enter Search keyword By using Locator --twotabsearchtextbox
Clicked on Search Button By using Locator --//*[@id="nav-search"]/form/div[2]/div/input
================ Ended Test TC_001 =======================
Selected the Browser ---CHROME
Navigated to URL --https://www.amazon.in
Enter Search keyword By using Locator --twotabsearchtextbox
Clicked on Search Button By using Locator --//*[@id="nav-search"]/form/div[2]/div/input
================ Ended Test TC_001 =======================
Selected the Browser ---CHROME
Navigated to URL --https://www.amazon.in
Enter Search keyword By using Locator --twotabsearchtextbox
Clicked on Search Button By using Locator --//*[@id="nav-search"]/form/div[2]/div/input
================ Ended Test TC_001 =======================
Selected the Browser ---CHROME
Navigated to URL --https://www.amazon.in
Enter Search keyword By using Locator --twotabsearchtextbox
Clicked on Search Button By using Locator --//*[@id="nav-search"]/form/div[2]/div/input
================ Ended Test TC_001 =======================
